
> asdip-frontend@1.0.0 build
> vite build

vite v5.4.21 building for production...
transforming...
✓ 87 modules transformed.
warnings when minifying css:
▲ [WARNING] "flexDirection" is not a known CSS property [unsupported-css-property]

    <stdin>:562:49:
      562 │ ...t-style: none; display: flex; flexDirection: column; gap: 12px; }
          │                                  ~~~~~~~~~~~~~
          ╵                                  flex-direction

  Did you mean "flex-direction" instead?


▲ [WARNING] "alignItems" is not a known CSS property [unsupported-css-property]

    <stdin>:564:17:
      564 │   display: flex; alignItems: flex-start; gap: 12px;
          │                  ~~~~~~~~~~
          ╵                  align-items

  Did you mean "align-items" instead?


rendering chunks...
computing gzip size...
dist/index.html                   0.81 kB │ gzip:  0.49 kB
dist/assets/index-CBGIBsux.css   11.26 kB │ gzip:  2.79 kB
dist/assets/index-Dhizkp0w.js   202.53 kB │ gzip: 67.17 kB
✓ built in 394ms
